{"meta": {"format": 3, "version": "7.14.1", "timestamp": "2026-06-03T15:38:09.851870", "branch_coverage": false, "show_contexts": false}, "files": {"micrograd/__init__.py": {"executed_lines": [1], "summary": {"covered_lines": 1, "num_statements": 1, "percent_covered": 100.0, "percent_covered_display": "100", "missing_lines": 0, "excluded_lines": 0, "percent_statements_covered": 100.0, "percent_statements_covered_display": "100"}, "missing_lines": [], "excluded_lines": [], "functions": {"": {"executed_lines": [1], "summary": {"covered_lines": 1, "num_statements": 1, "percent_covered": 100.0, "percent_covered_display": "100", "missing_lines": 0, "excluded_lines": 0, "percent_statements_covered": 100.0, "percent_statements_covered_display": "100"}, "missing_lines": [], "excluded_lines": [], "start_line": 1}}, "classes": {"": {"executed_lines": [1], "summary": {"covered_lines": 1, "num_statements": 1, "percent_covered": 100.0, "percent_covered_display": "100", "missing_lines": 0, "excluded_lines": 0, "percent_statements_covered": 100.0, "percent_statements_covered_display": "100"}, "missing_lines": [], "excluded_lines": [], "start_line": 1}}}, "micrograd/adjoint.py": {"executed_lines": [2, 3, 6, 7, 12, 13, 16, 18, 25, 26, 27, 28, 29, 31], "summary": {"covered_lines": 14, "num_statements": 90, "percent_covered": 15.555555555555555, "percent_covered_display": "16", "missing_lines": 76, "excluded_lines": 0, "percent_statements_covered": 15.555555555555555, "percent_statements_covered_display": "16"}, "missing_lines": [8, 9, 14, 15, 19, 20, 23, 24, 33, 35, 36, 37, 38, 39, 41, 42, 43, 44, 47, 48, 49, 50, 51, 54, 55, 56, 57, 58, 59, 60, 63, 64, 66, 71, 72, 73, 74, 75, 77, 78, 79, 80, 82, 83, 84, 85, 87, 88, 91, 93, 94, 96, 97, 98, 99, 101, 102, 109, 110, 111, 112, 113, 114, 115, 116, 117, 118, 119, 120, 121, 122, 123, 124, 125, 126, 127], "excluded_lines": [], "functions": {"_LP": {"executed_lines": [], "summary": {"covered_lines": 0, "num_statements": 4, "percent_covered": 0.0, "percent_covered_display": "0", "missing_lines": 4, "excluded_lines": 0, "percent_statements_covered": 0.0, "percent_statements_covered_display": "0"}, "missing_lines": [19, 20, 23, 24], "excluded_lines": [], "start_line": 18}, "adjoint_and_sensitivity": {"executed_lines": [], "summary": {"covered_lines": 0, "num_statements": 68, "percent_covered": 0.0, "percent_covered_display": "0", "missing_lines": 68, "excluded_lines": 0, "percent_statements_covered": 0.0, "percent_statements_covered_display": "0"}, "missing_lines": [33, 35, 36, 37, 38, 39, 41, 42, 43, 44, 47, 48, 49, 50, 51, 54, 55, 56, 57, 58, 59, 60, 63, 64, 66, 71, 72, 73, 74, 75, 77, 78, 79, 80, 82, 83, 84, 85, 87, 88, 91, 93, 94, 96, 97, 98, 99, 101, 102, 109, 110, 111, 112, 113, 114, 115, 116, 117, 118, 119, 120, 121, 122, 123, 124, 125, 126, 127], "excluded_lines": [], "start_line": 31}, "": {"executed_lines": [2, 3, 6, 7, 12, 13, 16, 18, 25, 26, 27, 28, 29, 31], "summary": {"covered_lines": 14, "num_statements": 18, "percent_covered": 77.77777777777777, "percent_covered_display": "78", "missing_lines": 4, "excluded_lines": 0, "percent_statements_covered": 77.77777777777777, "percent_statements_covered_display": "78"}, "missing_lines": [8, 9, 14, 15], "excluded_lines": [], "start_line": 1}}, "classes": {"": {"executed_lines": [2, 3, 6, 7, 12, 13, 16, 18, 25, 26, 27, 28, 29, 31], "summary": {"covered_lines": 14, "num_statements": 90, "percent_covered": 15.555555555555555, "percent_covered_display": "16", "missing_lines": 76, "excluded_lines": 0, "percent_statements_covered": 15.555555555555555, "percent_statements_covered_display": "16"}, "missing_lines": [8, 9, 14, 15, 19, 20, 23, 24, 33, 35, 36, 37, 38, 39, 41, 42, 43, 44, 47, 48, 49, 50, 51, 54, 55, 56, 57, 58, 59, 60, 63, 64, 66, 71, 72, 73, 74, 75, 77, 78, 79, 80, 82, 83, 84, 85, 87, 88, 91, 93, 94, 96, 97, 98, 99, 101, 102, 109, 110, 111, 112, 113, 114, 115, 116, 117, 118, 119, 120, 121, 122, 123, 124, 125, 126, 127], "excluded_lines": [], "start_line": 1}}}, "micrograd/binary_validation.py": {"executed_lines": [12, 13, 14, 15, 18, 31, 48, 121], "summary": {"covered_lines": 8, "num_statements": 85, "percent_covered": 9.411764705882353, "percent_covered_display": "9", "missing_lines": 77, "excluded_lines": 0, "percent_statements_covered": 9.411764705882353, "percent_statements_covered_display": "9"}, "missing_lines": [20, 21, 22, 23, 24, 25, 26, 27, 28, 33, 34, 35, 36, 38, 39, 41, 43, 44, 49, 50, 51, 52, 53, 55, 56, 58, 59, 61, 62, 64, 66, 67, 68, 69, 71, 73, 74, 75, 76, 78, 79, 82, 83, 86, 87, 88, 91, 92, 93, 96, 97, 98, 99, 100, 101, 103, 104, 105, 106, 107, 108, 109, 110, 111, 113, 114, 116, 117, 118, 122, 123, 125, 126, 131, 135, 136, 138], "excluded_lines": [], "functions": {"compute_outlet_rmse": {"executed_lines": [], "summary": {"covered_lines": 0, "num_statements": 9, "percent_covered": 0.0, "percent_covered_display": "0", "missing_lines": 9, "excluded_lines": 0, "percent_statements_covered": 0.0, "percent_statements_covered_display": "0"}, "missing_lines": [20, 21, 22, 23, 24, 25, 26, 27, 28], "excluded_lines": [], "start_line": 18}, "compute_flow_rate": {"executed_lines": [], "summary": {"covered_lines": 0, "num_statements": 9, "percent_covered": 0.0, "percent_covered_display": "0", "missing_lines": 9, "excluded_lines": 0, "percent_statements_covered": 0.0, "percent_statements_covered_display": "0"}, "missing_lines": [33, 34, 35, 36, 38, 39, 41, 43, 44], "excluded_lines": [], "start_line": 31}, "run_binary_validation": {"executed_lines": [], "summary": {"covered_lines": 0, "num_statements": 42, "percent_covered": 0.0, "percent_covered_display": "0", "missing_lines": 42, "excluded_lines": 0, "percent_statements_covered": 0.0, "percent_statements_covered_display": "0"}, "missing_lines": [49, 50, 51, 52, 53, 55, 56, 58, 73, 74, 75, 76, 78, 79, 82, 83, 86, 87, 88, 91, 92, 93, 96, 97, 98, 99, 100, 101, 103, 104, 105, 106, 107, 108, 109, 110, 111, 113, 114, 116, 117, 118], "excluded_lines": [], "start_line": 48}, "run_binary_validation.rmse_and_R": {"executed_lines": [], "summary": {"covered_lines": 0, "num_statements": 9, "percent_covered": 0.0, "percent_covered_display": "0", "missing_lines": 9, "excluded_lines": 0, "percent_statements_covered": 0.0, "percent_statements_covered_display": "0"}, "missing_lines": [59, 61, 62, 64, 66, 67, 68, 69, 71], "excluded_lines": [], "start_line": 58}, "": {"executed_lines": [12, 13, 14, 15, 18, 31, 48, 121], "summary": {"covered_lines": 8, "num_statements": 16, "percent_covered": 50.0, "percent_covered_display": "50", "missing_lines": 8, "excluded_lines": 0, "percent_statements_covered": 50.0, "percent_statements_covered_display": "50"}, "missing_lines": [122, 123, 125, 126, 131, 135, 136, 138], "excluded_lines": [], "start_line": 1}}, "classes": {"": {"executed_lines": [12, 13, 14, 15, 18, 31, 48, 121], "summary": {"covered_lines": 8, "num_statements": 85, "percent_covered": 9.411764705882353, "percent_covered_display": "9", "missing_lines": 77, "excluded_lines": 0, "percent_statements_covered": 9.411764705882353, "percent_statements_covered_display": "9"}, "missing_lines": [20, 21, 22, 23, 24, 25, 26, 27, 28, 33, 34, 35, 36, 38, 39, 41, 43, 44, 49, 50, 51, 52, 53, 55, 56, 58, 59, 61, 62, 64, 66, 67, 68, 69, 71, 73, 74, 75, 76, 78, 79, 82, 83, 86, 87, 88, 91, 92, 93, 96, 97, 98, 99, 100, 101, 103, 104, 105, 106, 107, 108, 109, 110, 111, 113, 114, 116, 117, 118, 122, 123, 125, 126, 131, 135, 136, 138], "excluded_lines": [], "start_line": 1}}}, "micrograd/christmas_tree.py": {"executed_lines": [], "summary": {"covered_lines": 0, "num_statements": 36, "percent_covered": 0.0, "percent_covered_display": "0", "missing_lines": 36, "excluded_lines": 0, "percent_statements_covered": 0.0, "percent_statements_covered_display": "0"}, "missing_lines": [2, 3, 4, 6, 7, 36, 38, 39, 40, 41, 42, 43, 44, 45, 46, 47, 48, 49, 51, 52, 53, 54, 55, 56, 58, 59, 60, 61, 62, 66, 67, 68, 69, 70, 71, 72], "excluded_lines": [], "functions": {"_tree_segments": {"executed_lines": [], "summary": {"covered_lines": 0, "num_statements": 2, "percent_covered": 0.0, "percent_covered_display": "0", "missing_lines": 2, "excluded_lines": 0, "percent_statements_covered": 0.0, "percent_statements_covered_display": "0"}, "missing_lines": [7, 36], "excluded_lines": [], "start_line": 6}, "create_christmas_tree_density": {"executed_lines": [], "summary": {"covered_lines": 0, "num_statements": 17, "percent_covered": 0.0, "percent_covered_display": "0", "missing_lines": 17, "excluded_lines": 0, "percent_statements_covered": 0.0, "percent_statements_covered_display": "0"}, "missing_lines": [39, 40, 41, 42, 43, 44, 45, 46, 47, 48, 49, 51, 52, 53, 54, 55, 56], "excluded_lines": [], "start_line": 38}, "simulate_christmas_tree": {"executed_lines": [], "summary": {"covered_lines": 0, "num_statements": 11, "percent_covered": 0.0, "percent_covered_display": "0", "missing_lines": 11, "excluded_lines": 0, "percent_statements_covered": 0.0, "percent_statements_covered_display": "0"}, "missing_lines": [59, 60, 61, 62, 66, 67, 68, 69, 70, 71, 72], "excluded_lines": [], "start_line": 58}, "": {"executed_lines": [], "summary": {"covered_lines": 0, "num_statements": 6, "percent_covered": 0.0, "percent_covered_display": "0", "missing_lines": 6, "excluded_lines": 0, "percent_statements_covered": 0.0, "percent_statements_covered_display": "0"}, "missing_lines": [2, 3, 4, 6, 38, 58], "excluded_lines": [], "start_line": 1}}, "classes": {"": {"executed_lines": [], "summary": {"covered_lines": 0, "num_statements": 36, "percent_covered": 0.0, "percent_covered_display": "0", "missing_lines": 36, "excluded_lines": 0, "percent_statements_covered": 0.0, "percent_statements_covered_display": "0"}, "missing_lines": [2, 3, 4, 6, 7, 36, 38, 39, 40, 41, 42, 43, 44, 45, 46, 47, 48, 49, 51, 52, 53, 54, 55, 56, 58, 59, 60, 61, 62, 66, 67, 68, 69, 70, 71, 72], "excluded_lines": [], "start_line": 1}}}, "micrograd/compatibility.py": {"executed_lines": [8, 10, 29, 40], "summary": {"covered_lines": 4, "num_statements": 29, "percent_covered": 13.793103448275861, "percent_covered_display": "14", "missing_lines": 25, "excluded_lines": 0, "percent_statements_covered": 13.793103448275861, "percent_statements_covered_display": "14"}, "missing_lines": [12, 13, 14, 15, 16, 17, 18, 20, 21, 22, 23, 24, 25, 26, 27, 31, 32, 37, 38, 42, 43, 44, 45, 46, 47], "excluded_lines": [], "functions": {"check_mma_available": {"executed_lines": [], "summary": {"covered_lines": 0, "num_statements": 15, "percent_covered": 0.0, "percent_covered_display": "0", "missing_lines": 15, "excluded_lines": 0, "percent_statements_covered": 0.0, "percent_statements_covered_display": "0"}, "missing_lines": [12, 13, 14, 15, 16, 17, 18, 20, 21, 22, 23, 24, 25, 26, 27], "excluded_lines": [], "start_line": 10}, "fallback_to_oc": {"executed_lines": [], "summary": {"covered_lines": 0, "num_statements": 4, "percent_covered": 0.0, "percent_covered_display": "0", "missing_lines": 4, "excluded_lines": 0, "percent_statements_covered": 0.0, "percent_statements_covered_display": "0"}, "missing_lines": [31, 32, 37, 38], "excluded_lines": [], "start_line": 29}, "check_pyvista": {"executed_lines": [], "summary": {"covered_lines": 0, "num_statements": 6, "percent_covered": 0.0, "percent_covered_display": "0", "missing_lines": 6, "excluded_lines": 0, "percent_statements_covered": 0.0, "percent_statements_covered_display": "0"}, "missing_lines": [42, 43, 44, 45, 46, 47], "excluded_lines": [], "start_line": 40}, "": {"executed_lines": [8, 10, 29, 40], "summary": {"covered_lines": 4, "num_statements": 4, "percent_covered": 100.0, "percent_covered_display": "100", "missing_lines": 0, "excluded_lines": 0, "percent_statements_covered": 100.0, "percent_statements_covered_display": "100"}, "missing_lines": [], "excluded_lines": [], "start_line": 1}}, "classes": {"": {"executed_lines": [8, 10, 29, 40], "summary": {"covered_lines": 4, "num_statements": 29, "percent_covered": 13.793103448275861, "percent_covered_display": "14", "missing_lines": 25, "excluded_lines": 0, "percent_statements_covered": 13.793103448275861, "percent_statements_covered_display": "14"}, "missing_lines": [12, 13, 14, 15, 16, 17, 18, 20, 21, 22, 23, 24, 25, 26, 27, 31, 32, 37, 38, 42, 43, 44, 45, 46, 47], "excluded_lines": [], "start_line": 1}}}, "micrograd/experimental_metrics.py": {"executed_lines": [], "summary": {"covered_lines": 0, "num_statements": 53, "percent_covered": 0.0, "percent_covered_display": "0", "missing_lines": 53, "excluded_lines": 0, "percent_statements_covered": 0.0, "percent_statements_covered_display": "0"}, "missing_lines": [2, 3, 4, 5, 6, 7, 8, 9, 10, 12, 15, 16, 17, 18, 19, 21, 22, 24, 25, 26, 27, 28, 29, 30, 31, 32, 33, 34, 35, 36, 38, 39, 41, 42, 44, 45, 46, 47, 48, 50, 51, 52, 53, 55, 58, 59, 60, 61, 62, 63, 64, 65, 67], "excluded_lines": [], "functions": {"compute_metrics": {"executed_lines": [], "summary": {"covered_lines": 0, "num_statements": 43, "percent_covered": 0.0, "percent_covered_display": "0", "missing_lines": 43, "excluded_lines": 0, "percent_statements_covered": 0.0, "percent_statements_covered_display": "0"}, "missing_lines": [15, 16, 17, 18, 19, 21, 22, 24, 25, 26, 27, 28, 29, 30, 31, 32, 33, 34, 35, 36, 38, 39, 41, 42, 44, 45, 46, 47, 48, 50, 51, 52, 53, 55, 58, 59, 60, 61, 62, 63, 64, 65, 67], "excluded_lines": [], "start_line": 12}, "": {"executed_lines": [], "summary": {"covered_lines": 0, "num_statements": 10, "percent_covered": 0.0, "percent_covered_display": "0", "missing_lines": 10, "excluded_lines": 0, "percent_statements_covered": 0.0, "percent_statements_covered_display": "0"}, "missing_lines": [2, 3, 4, 5, 6, 7, 8, 9, 10, 12], "excluded_lines": [], "start_line": 1}}, "classes": {"": {"executed_lines": [], "summary": {"covered_lines": 0, "num_statements": 53, "percent_covered": 0.0, "percent_covered_display": "0", "missing_lines": 53, "excluded_lines": 0, "percent_statements_covered": 0.0, "percent_statements_covered_display": "0"}, "missing_lines": [2, 3, 4, 5, 6, 7, 8, 9, 10, 12, 15, 16, 17, 18, 19, 21, 22, 24, 25, 26, 27, 28, 29, 30, 31, 32, 33, 34, 35, 36, 38, 39, 41, 42, 44, 45, 46, 47, 48, 50, 51, 52, 53, 55, 58, 59, 60, 61, 62, 63, 64, 65, 67], "excluded_lines": [], "start_line": 1}}}, "micrograd/filter_sensitivity.py": {"executed_lines": [], "summary": {"covered_lines": 0, "num_statements": 106, "percent_covered": 0.0, "percent_covered_display": "0", "missing_lines": 106, "excluded_lines": 0, "percent_statements_covered": 0.0, "percent_statements_covered_display": "0"}, "missing_lines": [8, 9, 10, 11, 12, 13, 15, 18, 20, 21, 22, 23, 24, 25, 26, 27, 28, 29, 30, 31, 34, 44, 45, 46, 48, 49, 50, 51, 55, 56, 61, 62, 63, 64, 66, 84, 85, 86, 87, 88, 89, 90, 91, 92, 93, 96, 97, 98, 99, 100, 101, 102, 103, 104, 105, 106, 107, 108, 109, 110, 111, 112, 113, 114, 115, 116, 117, 120, 121, 122, 123, 124, 125, 126, 127, 128, 129, 130, 131, 132, 133, 134, 135, 136, 137, 138, 139, 140, 141, 144, 145, 146, 147, 148, 149, 150, 151, 152, 153, 156, 157, 158, 159, 160, 162, 163], "excluded_lines": [], "functions": {"compute_rmse_outlet": {"executed_lines": [], "summary": {"covered_lines": 0, "num_statements": 12, "percent_covered": 0.0, "percent_covered_display": "0", "missing_lines": 12, "excluded_lines": 0, "percent_statements_covered": 0.0, "percent_statements_covered_display": "0"}, "missing_lines": [20, 21, 22, 23, 24, 25, 26, 27, 28, 29, 30, 31], "excluded_lines": [], "start_line": 18}, "run_filter_sensitivity": {"executed_lines": [], "summary": {"covered_lines": 0, "num_statements": 85, "percent_covered": 0.0, "percent_covered_display": "0", "missing_lines": 85, "excluded_lines": 0, "percent_statements_covered": 0.0, "percent_statements_covered_display": "0"}, "missing_lines": [44, 45, 46, 48, 49, 50, 51, 55, 56, 61, 62, 63, 64, 66, 84, 85, 86, 87, 88, 89, 90, 91, 92, 93, 96, 97, 98, 99, 100, 101, 102, 103, 104, 105, 106, 107, 108, 109, 110, 111, 112, 113, 114, 115, 116, 117, 120, 121, 122, 123, 124, 125, 126, 127, 128, 129, 130, 131, 132, 133, 134, 135, 136, 137, 138, 139, 140, 141, 144, 145, 146, 147, 148, 149, 150, 151, 152, 153, 156, 157, 158, 159, 160, 162, 163], "excluded_lines": [], "start_line": 34}, "": {"executed_lines": [], "summary": {"covered_lines": 0, "num_statements": 9, "percent_covered": 0.0, "percent_covered_display": "0", "missing_lines": 9, "excluded_lines": 0, "percent_statements_covered": 0.0, "percent_statements_covered_display": "0"}, "missing_lines": [8, 9, 10, 11, 12, 13, 15, 18, 34], "excluded_lines": [], "start_line": 1}}, "classes": {"": {"executed_lines": [], "summary": {"covered_lines": 0, "num_statements": 106, "percent_covered": 0.0, "percent_covered_display": "0", "missing_lines": 106, "excluded_lines": 0, "percent_statements_covered": 0.0, "percent_statements_covered_display": "0"}, "missing_lines": [8, 9, 10, 11, 12, 13, 15, 18, 20, 21, 22, 23, 24, 25, 26, 27, 28, 29, 30, 31, 34, 44, 45, 46, 48, 49, 50, 51, 55, 56, 61, 62, 63, 64, 66, 84, 85, 86, 87, 88, 89, 90, 91, 92, 93, 96, 97, 98, 99, 100, 101, 102, 103, 104, 105, 106, 107, 108, 109, 110, 111, 112, 113, 114, 115, 116, 117, 120, 121, 122, 123, 124, 125, 126, 127, 128, 129, 130, 131, 132, 133, 134, 135, 136, 137, 138, 139, 140, 141, 144, 145, 146, 147, 148, 149, 150, 151, 152, 153, 156, 157, 158, 159, 160, 162, 163], "excluded_lines": [], "start_line": 1}}}, "micrograd/gradient_optimizer.py": {"executed_lines": [1, 2, 5, 6, 9, 10, 11, 12, 13, 14, 15, 16, 18, 19, 39, 106], "summary": {"covered_lines": 16, "num_statements": 89, "percent_covered": 17.97752808988764, "percent_covered_display": "18", "missing_lines": 73, "excluded_lines": 0, "percent_statements_covered": 17.97752808988764, "percent_statements_covered_display": "18"}, "missing_lines": [7, 8, 21, 22, 23, 24, 26, 27, 28, 29, 30, 31, 32, 33, 34, 35, 36, 37, 41, 42, 43, 44, 45, 46, 47, 48, 49, 50, 51, 53, 54, 55, 56, 57, 58, 59, 60, 65, 66, 68, 69, 71, 73, 74, 76, 77, 78, 82, 83, 84, 85, 87, 88, 90, 91, 92, 93, 94, 95, 96, 98, 99, 100, 102, 103, 104, 107, 108, 109, 110, 111, 112, 113], "excluded_lines": [], "functions": {"GradientGeneratorOptimizer.__init__": {"executed_lines": [], "summary": {"covered_lines": 0, "num_statements": 16, "percent_covered": 0.0, "percent_covered_display": "0", "missing_lines": 16, "excluded_lines": 0, "percent_statements_covered": 0.0, "percent_statements_covered_display": "0"}, "missing_lines": [21, 22, 23, 24, 26, 27, 28, 29, 30, 31, 32, 33, 34, 35, 36, 37], "excluded_lines": [], "start_line": 19}, "GradientGeneratorOptimizer.run": {"executed_lines": [], "summary": {"covered_lines": 0, "num_statements": 48, "percent_covered": 0.0, "percent_covered_display": "0", "missing_lines": 48, "excluded_lines": 0, "percent_statements_covered": 0.0, "percent_statements_covered_display": "0"}, "missing_lines": [41, 42, 43, 44, 45, 46, 47, 48, 49, 50, 51, 53, 54, 55, 56, 57, 58, 59, 60, 65, 66, 68, 69, 71, 73, 74, 76, 77, 78, 82, 83, 84, 85, 87, 88, 90, 91, 92, 93, 94, 95, 96, 98, 99, 100, 102, 103, 104], "excluded_lines": [], "start_line": 39}, "GradientGeneratorOptimizer.plot": {"executed_lines": [], "summary": {"covered_lines": 0, "num_statements": 7, "percent_covered": 0.0, "percent_covered_display": "0", "missing_lines": 7, "excluded_lines": 0, "percent_statements_covered": 0.0, "percent_statements_covered_display": "0"}, "missing_lines": [107, 108, 109, 110, 111, 112, 113], "excluded_lines": [], "start_line": 106}, "": {"executed_lines": [1, 2, 5, 6, 9, 10, 11, 12, 13, 14, 15, 16, 18, 19, 39, 106], "summary": {"covered_lines": 16, "num_statements": 18, "percent_covered": 88.88888888888889, "percent_covered_display": "89", "missing_lines": 2, "excluded_lines": 0, "percent_statements_covered": 88.88888888888889, "percent_statements_covered_display": "89"}, "missing_lines": [7, 8], "excluded_lines": [], "start_line": 1}}, "classes": {"GradientGeneratorOptimizer": {"executed_lines": [], "summary": {"covered_lines": 0, "num_statements": 71, "percent_covered": 0.0, "percent_covered_display": "0", "missing_lines": 71, "excluded_lines": 0, "percent_statements_covered": 0.0, "percent_statements_covered_display": "0"}, "missing_lines": [21, 22, 23, 24, 26, 27, 28, 29, 30, 31, 32, 33, 34, 35, 36, 37, 41, 42, 43, 44, 45, 46, 47, 48, 49, 50, 51, 53, 54, 55, 56, 57, 58, 59, 60, 65, 66, 68, 69, 71, 73, 74, 76, 77, 78, 82, 83, 84, 85, 87, 88, 90, 91, 92, 93, 94, 95, 96, 98, 99, 100, 102, 103, 104, 107, 108, 109, 110, 111, 112, 113], "excluded_lines": [], "start_line": 18}, "": {"executed_lines": [1, 2, 5, 6, 9, 10, 11, 12, 13, 14, 15, 16, 18, 19, 39, 106], "summary": {"covered_lines": 16, "num_statements": 18, "percent_covered": 88.88888888888889, "percent_covered_display": "89", "missing_lines": 2, "excluded_lines": 0, "percent_statements_covered": 88.88888888888889, "percent_statements_covered_display": "89"}, "missing_lines": [7, 8], "excluded_lines": [], "start_line": 1}}}, "micrograd/manufacturability.py": {"executed_lines": [], "summary": {"covered_lines": 0, "num_statements": 48, "percent_covered": 0.0, "percent_covered_display": "0", "missing_lines": 48, "excluded_lines": 0, "percent_statements_covered": 0.0, "percent_statements_covered_display": "0"}, "missing_lines": [2, 3, 4, 5, 6, 7, 8, 10, 12, 13, 14, 15, 16, 17, 18, 19, 20, 21, 22, 23, 24, 25, 26, 27, 28, 29, 30, 31, 32, 33, 35, 40, 41, 42, 43, 44, 45, 46, 48, 49, 52, 53, 54, 55, 56, 57, 58, 59], "excluded_lines": [], "functions": {"measure_min_feature_size": {"executed_lines": [], "summary": {"covered_lines": 0, "num_statements": 22, "percent_covered": 0.0, "percent_covered_display": "0", "missing_lines": 22, "excluded_lines": 0, "percent_statements_covered": 0.0, "percent_statements_covered_display": "0"}, "missing_lines": [12, 13, 14, 15, 16, 17, 18, 19, 20, 21, 22, 23, 24, 25, 26, 27, 28, 29, 30, 31, 32, 33], "excluded_lines": [], "start_line": 10}, "robust_projection": {"executed_lines": [], "summary": {"covered_lines": 0, "num_statements": 16, "percent_covered": 0.0, "percent_covered_display": "0", "missing_lines": 16, "excluded_lines": 0, "percent_statements_covered": 0.0, "percent_statements_covered_display": "0"}, "missing_lines": [40, 41, 42, 43, 44, 45, 46, 48, 52, 53, 54, 55, 56, 57, 58, 59], "excluded_lines": [], "start_line": 35}, "robust_projection._heaviside_expr": {"executed_lines": [], "summary": {"covered_lines": 0, "num_statements": 1, "percent_covered": 0.0, "percent_covered_display": "0", "missing_lines": 1, "excluded_lines": 0, "percent_statements_covered": 0.0, "percent_statements_covered_display": "0"}, "missing_lines": [49], "excluded_lines": [], "start_line": 48}, "": {"executed_lines": [], "summary": {"covered_lines": 0, "num_statements": 9, "percent_covered": 0.0, "percent_covered_display": "0", "missing_lines": 9, "excluded_lines": 0, "percent_statements_covered": 0.0, "percent_statements_covered_display": "0"}, "missing_lines": [2, 3, 4, 5, 6, 7, 8, 10, 35], "excluded_lines": [], "start_line": 1}}, "classes": {"": {"executed_lines": [], "summary": {"covered_lines": 0, "num_statements": 48, "percent_covered": 0.0, "percent_covered_display": "0", "missing_lines": 48, "excluded_lines": 0, "percent_statements_covered": 0.0, "percent_statements_covered_display": "0"}, "missing_lines": [2, 3, 4, 5, 6, 7, 8, 10, 12, 13, 14, 15, 16, 17, 18, 19, 20, 21, 22, 23, 24, 25, 26, 27, 28, 29, 30, 31, 32, 33, 35, 40, 41, 42, 43, 44, 45, 46, 48, 49, 52, 53, 54, 55, 56, 57, 58, 59], "excluded_lines": [], "start_line": 1}}}, "micrograd/mesh.py": {"executed_lines": [3, 4, 5, 6, 8], "summary": {"covered_lines": 5, "num_statements": 28, "percent_covered": 17.857142857142858, "percent_covered_display": "18", "missing_lines": 23, "excluded_lines": 0, "percent_statements_covered": 17.857142857142858, "percent_statements_covered_display": "18"}, "missing_lines": [10, 11, 13, 14, 16, 17, 18, 19, 21, 22, 23, 24, 26, 27, 28, 29, 31, 32, 33, 39, 40, 42, 51], "excluded_lines": [], "functions": {"create_rectangular_mesh": {"executed_lines": [], "summary": {"covered_lines": 0, "num_statements": 19, "percent_covered": 0.0, "percent_covered_display": "0", "missing_lines": 19, "excluded_lines": 0, "percent_statements_covered": 0.0, "percent_statements_covered_display": "0"}, "missing_lines": [10, 11, 13, 14, 21, 22, 23, 24, 26, 27, 28, 29, 31, 32, 33, 39, 40, 42, 51], "excluded_lines": [], "start_line": 8}, "create_rectangular_mesh.left": {"executed_lines": [], "summary": {"covered_lines": 0, "num_statements": 1, "percent_covered": 0.0, "percent_covered_display": "0", "missing_lines": 1, "excluded_lines": 0, "percent_statements_covered": 0.0, "percent_statements_covered_display": "0"}, "missing_lines": [16], "excluded_lines": [], "start_line": 16}, "create_rectangular_mesh.right": {"executed_lines": [], "summary": {"covered_lines": 0, "num_statements": 1, "percent_covered": 0.0, "percent_covered_display": "0", "missing_lines": 1, "excluded_lines": 0, "percent_statements_covered": 0.0, "percent_statements_covered_display": "0"}, "missing_lines": [17], "excluded_lines": [], "start_line": 17}, "create_rectangular_mesh.top": {"executed_lines": [], "summary": {"covered_lines": 0, "num_statements": 1, "percent_covered": 0.0, "percent_covered_display": "0", "missing_lines": 1, "excluded_lines": 0, "percent_statements_covered": 0.0, "percent_statements_covered_display": "0"}, "missing_lines": [18], "excluded_lines": [], "start_line": 18}, "create_rectangular_mesh.bottom": {"executed_lines": [], "summary": {"covered_lines": 0, "num_statements": 1, "percent_covered": 0.0, "percent_covered_display": "0", "missing_lines": 1, "excluded_lines": 0, "percent_statements_covered": 0.0, "percent_statements_covered_display": "0"}, "missing_lines": [19], "excluded_lines": [], "start_line": 19}, "": {"executed_lines": [3, 4, 5, 6, 8], "summary": {"covered_lines": 5, "num_statements": 5, "percent_covered": 100.0, "percent_covered_display": "100", "missing_lines": 0, "excluded_lines": 0, "percent_statements_covered": 100.0, "percent_statements_covered_display": "100"}, "missing_lines": [], "excluded_lines": [], "start_line": 1}}, "classes": {"": {"executed_lines": [3, 4, 5, 6, 8], "summary": {"covered_lines": 5, "num_statements": 28, "percent_covered": 17.857142857142858, "percent_covered_display": "18", "missing_lines": 23, "excluded_lines": 0, "percent_statements_covered": 17.857142857142858, "percent_statements_covered_display": "18"}, "missing_lines": [10, 11, 13, 14, 16, 17, 18, 19, 21, 22, 23, 24, 26, 27, 28, 29, 31, 32, 33, 39, 40, 42, 51], "excluded_lines": [], "start_line": 1}}}, "micrograd/multiobjective.py": {"executed_lines": [], "summary": {"covered_lines": 0, "num_statements": 48, "percent_covered": 0.0, "percent_covered_display": "0", "missing_lines": 48, "excluded_lines": 0, "percent_statements_covered": 0.0, "percent_statements_covered_display": "0"}, "missing_lines": [8, 9, 10, 11, 12, 15, 42, 43, 45, 46, 48, 50, 51, 52, 54, 55, 56, 60, 66, 69, 70, 71, 74, 79, 80, 81, 82, 84, 85, 86, 87, 88, 89, 90, 93, 94, 95, 96, 98, 99, 100, 101, 102, 103, 104, 107, 112, 113], "excluded_lines": [], "functions": {"run_pareto_sweep": {"executed_lines": [], "summary": {"covered_lines": 0, "num_statements": 42, "percent_covered": 0.0, "percent_covered_display": "0", "missing_lines": 42, "excluded_lines": 0, "percent_statements_covered": 0.0, "percent_statements_covered_display": "0"}, "missing_lines": [42, 43, 45, 46, 48, 50, 51, 52, 54, 55, 56, 60, 66, 69, 70, 71, 74, 79, 80, 81, 82, 84, 85, 86, 87, 88, 89, 90, 93, 94, 95, 96, 98, 99, 100, 101, 102, 103, 104, 107, 112, 113], "excluded_lines": [], "start_line": 15}, "": {"executed_lines": [], "summary": {"covered_lines": 0, "num_statements": 6, "percent_covered": 0.0, "percent_covered_display": "0", "missing_lines": 6, "excluded_lines": 0, "percent_statements_covered": 0.0, "percent_statements_covered_display": "0"}, "missing_lines": [8, 9, 10, 11, 12, 15], "excluded_lines": [], "start_line": 1}}, "classes": {"": {"executed_lines": [], "summary": {"covered_lines": 0, "num_statements": 48, "percent_covered": 0.0, "percent_covered_display": "0", "missing_lines": 48, "excluded_lines": 0, "percent_statements_covered": 0.0, "percent_statements_covered_display": "0"}, "missing_lines": [8, 9, 10, 11, 12, 15, 42, 43, 45, 46, 48, 50, 51, 52, 54, 55, 56, 60, 66, 69, 70, 71, 74, 79, 80, 81, 82, 84, 85, 86, 87, 88, 89, 90, 93, 94, 95, 96, 98, 99, 100, 101, 102, 103, 104, 107, 112, 113], "excluded_lines": [], "start_line": 1}}}, "micrograd/optimizer.py": {"executed_lines": [3, 4, 7, 8, 11, 12, 16, 39, 40, 47, 54, 71, 72, 80, 82, 84, 86], "summary": {"covered_lines": 17, "num_statements": 122, "percent_covered": 13.934426229508198, "percent_covered_display": "14", "missing_lines": 105, "excluded_lines": 0, "percent_statements_covered": 13.934426229508198, "percent_statements_covered_display": "14"}, "missing_lines": [9, 10, 18, 19, 20, 21, 22, 23, 24, 25, 26, 27, 28, 30, 31, 32, 33, 34, 35, 41, 42, 43, 44, 45, 48, 49, 50, 51, 56, 57, 58, 59, 60, 61, 62, 63, 64, 65, 66, 67, 73, 74, 75, 76, 77, 78, 94, 95, 96, 97, 99, 100, 101, 104, 105, 106, 107, 108, 109, 110, 113, 114, 115, 118, 119, 120, 122, 123, 124, 125, 127, 128, 129, 130, 133, 134, 135, 138, 139, 140, 142, 143, 144, 145, 147, 148, 149, 152, 153, 154, 155, 156, 159, 160, 161, 162, 163, 164, 166, 168, 169, 170, 171, 172, 173], "excluded_lines": [], "functions": {"oc_update": {"executed_lines": [], "summary": {"covered_lines": 0, "num_statements": 17, "percent_covered": 0.0, "percent_covered_display": "0", "missing_lines": 17, "excluded_lines": 0, "percent_statements_covered": 0.0, "percent_statements_covered_display": "0"}, "missing_lines": [18, 19, 20, 21, 22, 23, 24, 25, 26, 27, 28, 30, 31, 32, 33, 34, 35], "excluded_lines": [], "start_line": 16}, "MMAUpdater.__init__": {"executed_lines": [], "summary": {"covered_lines": 0, "num_statements": 5, "percent_covered": 0.0, "percent_covered_display": "0", "missing_lines": 5, "excluded_lines": 0, "percent_statements_covered": 0.0, "percent_statements_covered_display": "0"}, "missing_lines": [41, 42, 43, 44, 45], "excluded_lines": [], "start_line": 40}, "MMAUpdater.update": {"executed_lines": [], "summary": {"covered_lines": 0, "num_statements": 4, "percent_covered": 0.0, "percent_covered_display": "0", "missing_lines": 4, "excluded_lines": 0, "percent_statements_covered": 0.0, "percent_statements_covered_display": "0"}, "missing_lines": [48, 49, 50, 51], "excluded_lines": [], "start_line": 47}, "mma_update": {"executed_lines": [], "summary": {"covered_lines": 0, "num_statements": 12, "percent_covered": 0.0, "percent_covered_display": "0", "missing_lines": 12, "excluded_lines": 0, "percent_statements_covered": 0.0, "percent_statements_covered_display": "0"}, "missing_lines": [56, 57, 58, 59, 60, 61, 62, 63, 64, 65, 66, 67], "excluded_lines": [], "start_line": 54}, "_MMAState.__init__": {"executed_lines": [], "summary": {"covered_lines": 0, "num_statements": 6, "percent_covered": 0.0, "percent_covered_display": "0", "missing_lines": 6, "excluded_lines": 0, "percent_statements_covered": 0.0, "percent_statements_covered_display": "0"}, "missing_lines": [73, 74, 75, 76, 77, 78], "excluded_lines": [], "start_line": 72}, "reset_mma_state": {"executed_lines": [84], "summary": {"covered_lines": 1, "num_statements": 1, "percent_covered": 100.0, "percent_covered_display": "100", "missing_lines": 0, "excluded_lines": 0, "percent_statements_covered": 100.0, "percent_statements_covered_display": "100"}, "missing_lines": [], "excluded_lines": [], "start_line": 82}, "nlopt_mma_update": {"executed_lines": [], "summary": {"covered_lines": 0, "num_statements": 57, "percent_covered": 0.0, "percent_covered_display": "0", "missing_lines": 57, "excluded_lines": 0, "percent_statements_covered": 0.0, "percent_statements_covered_display": "0"}, "missing_lines": [94, 95, 96, 97, 99, 100, 101, 104, 105, 106, 107, 108, 109, 110, 113, 114, 115, 118, 119, 120, 122, 123, 124, 125, 127, 128, 129, 130, 133, 134, 135, 138, 139, 140, 142, 143, 144, 145, 147, 152, 153, 154, 155, 156, 159, 160, 161, 162, 163, 164, 166, 168, 169, 170, 171, 172, 173], "excluded_lines": [], "start_line": 86}, "nlopt_mma_update.x_of_mu": {"executed_lines": [], "summary": {"covered_lines": 0, "num_statements": 2, "percent_covered": 0.0, "percent_covered_display": "0", "missing_lines": 2, "excluded_lines": 0, "percent_statements_covered": 0.0, "percent_statements_covered_display": "0"}, "missing_lines": [148, 149], "excluded_lines": [], "start_line": 147}, "": {"executed_lines": [3, 4, 7, 8, 11, 12, 16, 39, 40, 47, 54, 71, 72, 80, 82, 86], "summary": {"covered_lines": 16, "num_statements": 18, "percent_covered": 88.88888888888889, "percent_covered_display": "89", "missing_lines": 2, "excluded_lines": 0, "percent_statements_covered": 88.88888888888889, "percent_statements_covered_display": "89"}, "missing_lines": [9, 10], "excluded_lines": [], "start_line": 1}}, "classes": {"MMAUpdater": {"executed_lines": [], "summary": {"covered_lines": 0, "num_statements": 9, "percent_covered": 0.0, "percent_covered_display": "0", "missing_lines": 9, "excluded_lines": 0, "percent_statements_covered": 0.0, "percent_statements_covered_display": "0"}, "missing_lines": [41, 42, 43, 44, 45, 48, 49, 50, 51], "excluded_lines": [], "start_line": 39}, "_MMAState": {"executed_lines": [], "summary": {"covered_lines": 0, "num_statements": 6, "percent_covered": 0.0, "percent_covered_display": "0", "missing_lines": 6, "excluded_lines": 0, "percent_statements_covered": 0.0, "percent_statements_covered_display": "0"}, "missing_lines": [73, 74, 75, 76, 77, 78], "excluded_lines": [], "start_line": 71}, "": {"executed_lines": [3, 4, 7, 8, 11, 12, 16, 39, 40, 47, 54, 71, 72, 80, 82, 84, 86], "summary": {"covered_lines": 17, "num_statements": 107, "percent_covered": 15.88785046728972, "percent_covered_display": "16", "missing_lines": 90, "excluded_lines": 0, "percent_statements_covered": 15.88785046728972, "percent_statements_covered_display": "16"}, "missing_lines": [9, 10, 18, 19, 20, 21, 22, 23, 24, 25, 26, 27, 28, 30, 31, 32, 33, 34, 35, 56, 57, 58, 59, 60, 61, 62, 63, 64, 65, 66, 67, 94, 95, 96, 97, 99, 100, 101, 104, 105, 106, 107, 108, 109, 110, 113, 114, 115, 118, 119, 120, 122, 123, 124, 125, 127, 128, 129, 130, 133, 134, 135, 138, 139, 140, 142, 143, 144, 145, 147, 148, 149, 152, 153, 154, 155, 156, 159, 160, 161, 162, 163, 164, 166, 168, 169, 170, 171, 172, 173], "excluded_lines": [], "start_line": 1}}}, "micrograd/postprocess.py": {"executed_lines": [], "summary": {"covered_lines": 0, "num_statements": 26, "percent_covered": 0.0, "percent_covered_display": "0", "missing_lines": 26, "excluded_lines": 0, "percent_statements_covered": 0.0, "percent_statements_covered_display": "0"}, "missing_lines": [3, 4, 5, 7, 8, 9, 10, 11, 12, 13, 14, 15, 16, 17, 18, 19, 20, 21, 23, 24, 25, 26, 27, 28, 29, 30], "excluded_lines": [], "functions": {"plot_density": {"executed_lines": [], "summary": {"covered_lines": 0, "num_statements": 14, "percent_covered": 0.0, "percent_covered_display": "0", "missing_lines": 14, "excluded_lines": 0, "percent_statements_covered": 0.0, "percent_statements_covered_display": "0"}, "missing_lines": [8, 9, 10, 11, 12, 13, 14, 15, 16, 17, 18, 19, 20, 21], "excluded_lines": [], "start_line": 7}, "export_stl": {"executed_lines": [], "summary": {"covered_lines": 0, "num_statements": 7, "percent_covered": 0.0, "percent_covered_display": "0", "missing_lines": 7, "excluded_lines": 0, "percent_statements_covered": 0.0, "percent_statements_covered_display": "0"}, "missing_lines": [24, 25, 26, 27, 28, 29, 30], "excluded_lines": [], "start_line": 23}, "": {"executed_lines": [], "summary": {"covered_lines": 0, "num_statements": 5, "percent_covered": 0.0, "percent_covered_display": "0", "missing_lines": 5, "excluded_lines": 0, "percent_statements_covered": 0.0, "percent_statements_covered_display": "0"}, "missing_lines": [3, 4, 5, 7, 23], "excluded_lines": [], "start_line": 1}}, "classes": {"": {"executed_lines": [], "summary": {"covered_lines": 0, "num_statements": 26, "percent_covered": 0.0, "percent_covered_display": "0", "missing_lines": 26, "excluded_lines": 0, "percent_statements_covered": 0.0, "percent_statements_covered_display": "0"}, "missing_lines": [3, 4, 5, 7, 8, 9, 10, 11, 12, 13, 14, 15, 16, 17, 18, 19, 20, 21, 23, 24, 25, 26, 27, 28, 29, 30], "excluded_lines": [], "start_line": 1}}}, "micrograd/scalability.py": {"executed_lines": [], "summary": {"covered_lines": 0, "num_statements": 37, "percent_covered": 0.0, "percent_covered_display": "0", "missing_lines": 37, "excluded_lines": 0, "percent_statements_covered": 0.0, "percent_statements_covered_display": "0"}, "missing_lines": [3, 4, 5, 6, 7, 8, 9, 11, 29, 30, 32, 33, 34, 35, 36, 37, 38, 40, 41, 42, 45, 48, 53, 56, 57, 59, 60, 61, 62, 63, 64, 65, 66, 67, 68, 69, 71], "excluded_lines": [], "functions": {"scalability_study": {"executed_lines": [], "summary": {"covered_lines": 0, "num_statements": 29, "percent_covered": 0.0, "percent_covered_display": "0", "missing_lines": 29, "excluded_lines": 0, "percent_statements_covered": 0.0, "percent_statements_covered_display": "0"}, "missing_lines": [29, 30, 32, 33, 34, 35, 36, 37, 38, 40, 41, 42, 45, 48, 53, 56, 57, 59, 60, 61, 62, 63, 64, 65, 66, 67, 68, 69, 71], "excluded_lines": [], "start_line": 11}, "": {"executed_lines": [], "summary": {"covered_lines": 0, "num_statements": 8, "percent_covered": 0.0, "percent_covered_display": "0", "missing_lines": 8, "excluded_lines": 0, "percent_statements_covered": 0.0, "percent_statements_covered_display": "0"}, "missing_lines": [3, 4, 5, 6, 7, 8, 9, 11], "excluded_lines": [], "start_line": 1}}, "classes": {"": {"executed_lines": [], "summary": {"covered_lines": 0, "num_statements": 37, "percent_covered": 0.0, "percent_covered_display": "0", "missing_lines": 37, "excluded_lines": 0, "percent_statements_covered": 0.0, "percent_statements_covered_display": "0"}, "missing_lines": [3, 4, 5, 6, 7, 8, 9, 11, 29, 30, 32, 33, 34, 35, 36, 37, 38, 40, 41, 42, 45, 48, 53, 56, 57, 59, 60, 61, 62, 63, 64, 65, 66, 67, 68, 69, 71], "excluded_lines": [], "start_line": 1}}}, "micrograd/solver.py": {"executed_lines": [1, 2, 5, 6, 9, 11, 18, 19, 20, 22], "summary": {"covered_lines": 10, "num_statements": 47, "percent_covered": 21.27659574468085, "percent_covered_display": "21", "missing_lines": 37, "excluded_lines": 0, "percent_statements_covered": 21.27659574468085, "percent_statements_covered_display": "21"}, "missing_lines": [7, 8, 12, 13, 16, 17, 24, 25, 26, 27, 28, 29, 30, 31, 32, 36, 38, 39, 40, 41, 42, 43, 44, 45, 46, 47, 48, 49, 50, 51, 52, 53, 56, 57, 58, 59, 60], "excluded_lines": [], "functions": {"_LP": {"executed_lines": [], "summary": {"covered_lines": 0, "num_statements": 4, "percent_covered": 0.0, "percent_covered_display": "0", "missing_lines": 4, "excluded_lines": 0, "percent_statements_covered": 0.0, "percent_statements_covered_display": "0"}, "missing_lines": [12, 13, 16, 17], "excluded_lines": [], "start_line": 11}, "forward_solve": {"executed_lines": [], "summary": {"covered_lines": 0, "num_statements": 31, "percent_covered": 0.0, "percent_covered_display": "0", "missing_lines": 31, "excluded_lines": 0, "percent_statements_covered": 0.0, "percent_statements_covered_display": "0"}, "missing_lines": [24, 25, 26, 27, 28, 29, 30, 31, 32, 36, 38, 39, 40, 41, 42, 43, 44, 45, 46, 47, 48, 49, 50, 51, 52, 53, 56, 57, 58, 59, 60], "excluded_lines": [], "start_line": 22}, "": {"executed_lines": [1, 2, 5, 6, 9, 11, 18, 19, 20, 22], "summary": {"covered_lines": 10, "num_statements": 12, "percent_covered": 83.33333333333333, "percent_covered_display": "83", "missing_lines": 2, "excluded_lines": 0, "percent_statements_covered": 83.33333333333333, "percent_statements_covered_display": "83"}, "missing_lines": [7, 8], "excluded_lines": [], "start_line": 1}}, "classes": {"": {"executed_lines": [1, 2, 5, 6, 9, 11, 18, 19, 20, 22], "summary": {"covered_lines": 10, "num_statements": 47, "percent_covered": 21.27659574468085, "percent_covered_display": "21", "missing_lines": 37, "excluded_lines": 0, "percent_statements_covered": 21.27659574468085, "percent_statements_covered_display": "21"}, "missing_lines": [7, 8, 12, 13, 16, 17, 24, 25, 26, 27, 28, 29, 30, 31, 32, 36, 38, 39, 40, 41, 42, 43, 44, 45, 46, 47, 48, 49, 50, 51, 52, 53, 56, 57, 58, 59, 60], "excluded_lines": [], "start_line": 1}}}, "micrograd/taylor_test.py": {"executed_lines": [], "summary": {"covered_lines": 0, "num_statements": 56, "percent_covered": 0.0, "percent_covered_display": "0", "missing_lines": 56, "excluded_lines": 0, "percent_statements_covered": 0.0, "percent_statements_covered_display": "0"}, "missing_lines": [12, 13, 14, 15, 16, 17, 18, 21, 32, 34, 39, 40, 42, 43, 44, 46, 48, 49, 51, 57, 58, 60, 62, 65, 66, 67, 68, 69, 70, 71, 72, 74, 75, 76, 81, 82, 83, 85, 86, 88, 89, 90, 92, 94, 95, 98, 99, 100, 101, 103, 104, 105, 107, 109, 110, 111], "excluded_lines": [], "functions": {"run_taylor_test": {"executed_lines": [], "summary": {"covered_lines": 0, "num_statements": 37, "percent_covered": 0.0, "percent_covered_display": "0", "missing_lines": 37, "excluded_lines": 0, "percent_statements_covered": 0.0, "percent_statements_covered_display": "0"}, "missing_lines": [32, 34, 39, 40, 42, 43, 44, 46, 48, 49, 51, 57, 58, 60, 62, 65, 66, 67, 68, 69, 70, 71, 72, 74, 75, 76, 81, 82, 83, 85, 86, 88, 89, 90, 92, 94, 95], "excluded_lines": [], "start_line": 21}, "": {"executed_lines": [], "summary": {"covered_lines": 0, "num_statements": 19, "percent_covered": 0.0, "percent_covered_display": "0", "missing_lines": 19, "excluded_lines": 0, "percent_statements_covered": 0.0, "percent_statements_covered_display": "0"}, "missing_lines": [12, 13, 14, 15, 16, 17, 18, 21, 98, 99, 100, 101, 103, 104, 105, 107, 109, 110, 111], "excluded_lines": [], "start_line": 1}}, "classes": {"": {"executed_lines": [], "summary": {"covered_lines": 0, "num_statements": 56, "percent_covered": 0.0, "percent_covered_display": "0", "missing_lines": 56, "excluded_lines": 0, "percent_statements_covered": 0.0, "percent_statements_covered_display": "0"}, "missing_lines": [12, 13, 14, 15, 16, 17, 18, 21, 32, 34, 39, 40, 42, 43, 44, 46, 48, 49, 51, 57, 58, 60, 62, 65, 66, 67, 68, 69, 70, 71, 72, 74, 75, 76, 81, 82, 83, 85, 86, 88, 89, 90, 92, 94, 95, 98, 99, 100, 101, 103, 104, 105, 107, 109, 110, 111], "excluded_lines": [], "start_line": 1}}}, "micrograd/uncertainty_quantification.py": {"executed_lines": [], "summary": {"covered_lines": 0, "num_statements": 63, "percent_covered": 0.0, "percent_covered_display": "0", "missing_lines": 63, "excluded_lines": 0, "percent_statements_covered": 0.0, "percent_statements_covered_display": "0"}, "missing_lines": [6, 7, 8, 9, 10, 11, 14, 29, 30, 31, 32, 33, 34, 35, 36, 37, 38, 41, 58, 59, 60, 61, 64, 84, 87, 88, 89, 92, 93, 96, 97, 100, 104, 105, 106, 107, 109, 111, 113, 116, 117, 120, 121, 122, 123, 124, 125, 128, 129, 133, 134, 135, 136, 137, 138, 139, 140, 141, 142, 145, 148, 152, 153], "excluded_lines": [], "functions": {"evaluate_outlet_profile": {"executed_lines": [], "summary": {"covered_lines": 0, "num_statements": 10, "percent_covered": 0.0, "percent_covered_display": "0", "missing_lines": 10, "excluded_lines": 0, "percent_statements_covered": 0.0, "percent_statements_covered_display": "0"}, "missing_lines": [29, 30, 31, 32, 33, 34, 35, 36, 37, 38], "excluded_lines": [], "start_line": 14}, "perturb_density_morph": {"executed_lines": [], "summary": {"covered_lines": 0, "num_statements": 4, "percent_covered": 0.0, "percent_covered_display": "0", "missing_lines": 4, "excluded_lines": 0, "percent_statements_covered": 0.0, "percent_statements_covered_display": "0"}, "missing_lines": [58, 59, 60, 61], "excluded_lines": [], "start_line": 41}, "run_chaospy_uq": {"executed_lines": [], "summary": {"covered_lines": 0, "num_statements": 40, "percent_covered": 0.0, "percent_covered_display": "0", "missing_lines": 40, "excluded_lines": 0, "percent_statements_covered": 0.0, "percent_statements_covered_display": "0"}, "missing_lines": [84, 87, 88, 89, 92, 93, 96, 97, 100, 104, 105, 106, 107, 109, 111, 113, 116, 117, 120, 121, 122, 123, 124, 125, 128, 129, 133, 134, 135, 136, 137, 138, 139, 140, 141, 142, 145, 148, 152, 153], "excluded_lines": [], "start_line": 64}, "": {"executed_lines": [], "summary": {"covered_lines": 0, "num_statements": 9, "percent_covered": 0.0, "percent_covered_display": "0", "missing_lines": 9, "excluded_lines": 0, "percent_statements_covered": 0.0, "percent_statements_covered_display": "0"}, "missing_lines": [6, 7, 8, 9, 10, 11, 14, 41, 64], "excluded_lines": [], "start_line": 1}}, "classes": {"": {"executed_lines": [], "summary": {"covered_lines": 0, "num_statements": 63, "percent_covered": 0.0, "percent_covered_display": "0", "missing_lines": 63, "excluded_lines": 0, "percent_statements_covered": 0.0, "percent_statements_covered_display": "0"}, "missing_lines": [6, 7, 8, 9, 10, 11, 14, 29, 30, 31, 32, 33, 34, 35, 36, 37, 38, 41, 58, 59, 60, 61, 64, 84, 87, 88, 89, 92, 93, 96, 97, 100, 104, 105, 106, 107, 109, 111, 113, 116, 117, 120, 121, 122, 123, 124, 125, 128, 129, 133, 134, 135, 136, 137, 138, 139, 140, 141, 142, 145, 148, 152, 153], "excluded_lines": [], "start_line": 1}}}, "micrograd/utilities.py": {"executed_lines": [1, 2, 3, 5, 13, 14, 16, 17, 21, 23, 30, 37], "summary": {"covered_lines": 12, "num_statements": 32, "percent_covered": 37.5, "percent_covered_display": "38", "missing_lines": 20, "excluded_lines": 0, "percent_statements_covered": 37.5, "percent_statements_covered_display": "38"}, "missing_lines": [7, 8, 11, 12, 19, 20, 24, 25, 26, 27, 28, 31, 33, 34, 35, 36, 46, 47, 48, 50], "excluded_lines": [], "functions": {"_LP": {"executed_lines": [], "summary": {"covered_lines": 0, "num_statements": 4, "percent_covered": 0.0, "percent_covered_display": "0", "missing_lines": 4, "excluded_lines": 0, "percent_statements_covered": 0.0, "percent_statements_covered_display": "0"}, "missing_lines": [7, 8, 11, 12], "excluded_lines": [], "start_line": 5}, "alpha": {"executed_lines": [], "summary": {"covered_lines": 0, "num_statements": 2, "percent_covered": 0.0, "percent_covered_display": "0", "missing_lines": 2, "excluded_lines": 0, "percent_statements_covered": 0.0, "percent_statements_covered_display": "0"}, "missing_lines": [19, 20], "excluded_lines": [], "start_line": 17}, "D_eff": {"executed_lines": [21], "summary": {"covered_lines": 1, "num_statements": 1, "percent_covered": 100.0, "percent_covered_display": "100", "missing_lines": 0, "excluded_lines": 0, "percent_statements_covered": 100.0, "percent_statements_covered_display": "100"}, "missing_lines": [], "excluded_lines": [], "start_line": 21}, "helmholtz_filter": {"executed_lines": [], "summary": {"covered_lines": 0, "num_statements": 5, "percent_covered": 0.0, "percent_covered_display": "0", "missing_lines": 5, "excluded_lines": 0, "percent_statements_covered": 0.0, "percent_statements_covered_display": "0"}, "missing_lines": [24, 25, 26, 27, 28], "excluded_lines": [], "start_line": 23}, "heaviside_projection": {"executed_lines": [], "summary": {"covered_lines": 0, "num_statements": 5, "percent_covered": 0.0, "percent_covered_display": "0", "missing_lines": 5, "excluded_lines": 0, "percent_statements_covered": 0.0, "percent_statements_covered_display": "0"}, "missing_lines": [31, 33, 34, 35, 36], "excluded_lines": [], "start_line": 30}, "smooth_penalty": {"executed_lines": [], "summary": {"covered_lines": 0, "num_statements": 4, "percent_covered": 0.0, "percent_covered_display": "0", "missing_lines": 4, "excluded_lines": 0, "percent_statements_covered": 0.0, "percent_statements_covered_display": "0"}, "missing_lines": [46, 47, 48, 50], "excluded_lines": [], "start_line": 37}, "": {"executed_lines": [1, 2, 3, 5, 13, 14, 16, 17, 23, 30, 37], "summary": {"covered_lines": 11, "num_statements": 11, "percent_covered": 100.0, "percent_covered_display": "100", "missing_lines": 0, "excluded_lines": 0, "percent_statements_covered": 100.0, "percent_statements_covered_display": "100"}, "missing_lines": [], "excluded_lines": [], "start_line": 1}}, "classes": {"": {"executed_lines": [1, 2, 3, 5, 13, 14, 16, 17, 21, 23, 30, 37], "summary": {"covered_lines": 12, "num_statements": 32, "percent_covered": 37.5, "percent_covered_display": "38", "missing_lines": 20, "excluded_lines": 0, "percent_statements_covered": 37.5, "percent_statements_covered_display": "38"}, "missing_lines": [7, 8, 11, 12, 19, 20, 24, 25, 26, 27, 28, 31, 33, 34, 35, 36, 46, 47, 48, 50], "excluded_lines": [], "start_line": 1}}}}, "totals": {"covered_lines": 87, "num_statements": 996, "percent_covered": 8.734939759036145, "percent_covered_display": "9", "missing_lines": 909, "excluded_lines": 0, "percent_statements_covered": 8.734939759036145, "percent_statements_covered_display": "9"}}